[2025-03-18 11:59:18] BOD 1 
[2025-03-18 11:59:18] BOD 2 
[2025-03-18 11:59:18] zapis je řeřicha 
[2025-03-18 11:59:18] BOD 3 
[2025-03-18 11:59:18] BOD 4 
[2025-03-18 11:59:18] BOD 5 
[2025-03-18 11:59:18] BOD 6 
[2025-03-18 11:59:18] BOD 7 
[2025-03-18 11:59:18] BOD 8 
[2025-03-18 11:59:18] BOD 9 
[2025-03-18 11:59:18] HTML hlavička 
[2025-03-18 11:59:18] HTML Formulář nadpis 
[2025-03-18 11:59:18] HTML Formulář 
[2025-03-18 11:59:18] HTML před odesláním 
[2025-03-18 11:59:18] HTML loading screen 
[2025-03-18 11:59:18] HTML patička 
[2025-03-18 11:59:18] HTML přihlašovací formulář 
[2025-03-18 11:59:18] HTML registrace 
[2025-03-18 11:59:18] HTML scripty 
[2025-03-18 11:59:18] HTML konec 
[2025-03-18 12:00:37] BOD 1 
[2025-03-18 12:00:37] BOD 2 
[2025-03-18 12:00:37] zapis je čmelák 
[2025-03-18 12:00:37] BOD 3 
[2025-03-18 12:00:37] BOD 4 
[2025-03-18 12:00:37] BOD 5 
[2025-03-18 12:00:37] BOD 6 
[2025-03-18 12:00:37] BOD 7 
[2025-03-18 12:00:37] BOD 8 
[2025-03-18 12:00:37] BOD 9 
[2025-03-18 12:00:37] BOD 10 
[2025-03-18 12:00:37] BOD 11 
[2025-03-18 12:00:37] pirat jeřeřicha
[2025-03-18 12:00:37] zapis ječmelák
[2025-03-18 12:00:38] data zapsána
[2025-03-18 12:11:04] HTML hlavička 
[2025-03-18 12:11:04] HTML Formulář nadpis 
[2025-03-18 12:11:04] HTML Formulář 
[2025-03-18 12:11:04] HTML před odesláním 
[2025-03-18 12:11:04] HTML loading screen 
[2025-03-18 12:11:04] HTML patička 
[2025-03-18 12:11:04] HTML přihlašovací formulář 
[2025-03-18 12:11:04] HTML registrace 
[2025-03-18 12:11:04] HTML scripty 
[2025-03-18 12:11:04] HTML konec 
[2025-03-18 12:12:14] data zapsána
[2025-03-18 12:12:14] Aleš Král,Jana Králová,111111111,1@1.cz
[2025-03-18 12:25:58] HTML scripty 
[2025-03-18 12:27:26] data zapsána
[2025-03-18 12:27:26] Matěj Kovařík,Pavla Kovaříková,555222666,4@4.cz
[2025-03-18 12:30:22] data zapsána
[2025-03-18 12:30:22] Eliška Kovaříková,Aleš Kovařík,444666222,5@5.cz
